<?xml version="1.0" encoding="UTF-8"?>
<!-- Generated by org.testng.reporters.JUnitReportReporter -->
<testsuite hostname="Sanjeeta" failures="0" tests="1" name="Locators2" time="7.011" errors="0" timestamp="2022-12-04T00:23:40 IST" skipped="0">
  <testcase classname="Locators2" name="locator" time="7.011"/>
  <system-out/>
</testsuite> <!-- Locators2 -->
