<?xml version="1.0" encoding="UTF-8"?>
<!-- Generated by org.testng.reporters.JUnitReportReporter -->
<testsuite hostname="Sanjeeta" failures="0" tests="1" name="Locators" time="5.684" errors="0" timestamp="2022-11-29T20:46:59 IST" skipped="0">
  <testcase classname="Locators" name="locator" time="5.684"/>
  <system-out/>
</testsuite> <!-- Locators -->
