<?xml version="1.0" encoding="UTF-8"?>
<!-- Generated by org.testng.reporters.JUnitReportReporter -->
<testsuite hostname="Sanjeeta" failures="0" tests="1" name="CucumberOptions.TestRunner" time="0.137" errors="0" timestamp="2022-12-20T13:17:05 IST" skipped="0">
  <testcase classname="CucumberOptions.TestRunner" name="runScenario" time="0.137"/>
  <system-out/>
</testsuite> <!-- CucumberOptions.TestRunner -->
