<?xml version="1.0" encoding="UTF-8"?>
<!-- Generated by org.testng.reporters.JUnitReportReporter -->
<testsuite hostname="Sanjeeta" failures="0" tests="1" name="CucumberOptions.TestNGTestRunner" time="0.106" errors="0" timestamp="2022-11-28T00:41:23 IST" skipped="0">
  <testcase classname="CucumberOptions.TestNGTestRunner" name="runScenario" time="0.106"/>
  <system-out/>
</testsuite> <!-- CucumberOptions.TestNGTestRunner -->
